Using pre-set license
Built from '2020.3/staging' branch; Version is '2020.3.16f1 (049d6eca3c44) revision 302446'; Using compiler version '192528614'; Build Type 'Release'
OS: 'Windows 10 Home; OS build 19043.1237; Version 2009; 64bit' Language: 'en' Physical Memory: 16247 MB
BatchMode: 1, IsHumanControllingUs: 0, StartBugReporterOnCrash: 0, Is64bit: 1, IsPro: 0

 COMMAND LINE ARGUMENTS:
C:\Program Files\Unity\Editor\Unity.exe
-adb2
-batchMode
-noUpm
-name
AssetImportWorker0
-projectPath
C:/Users/jason/Desktop/Unity Proj/Tutorial 1.5/Tutorial_1.5
-logFile
Logs/AssetImportWorker0.log
-srvPort
65024
Successfully changed project path to: C:/Users/jason/Desktop/Unity Proj/Tutorial 1.5/Tutorial_1.5
C:/Users/jason/Desktop/Unity Proj/Tutorial 1.5/Tutorial_1.5
Using Asset Import Pipeline V2.
Refreshing native plugins compatible for Editor in 92.82 ms, found 3 plugins.
Preloading 0 native plugins for Editor in 0.00 ms.
Initialize engine version: 2020.3.16f1 (049d6eca3c44)
[Subsystems] Discovering subsystems at path C:/Program Files/Unity/Editor/Data/Resources/UnitySubsystems
[Subsystems] Discovering subsystems at path C:/Users/jason/Desktop/Unity Proj/Tutorial 1.5/Tutorial_1.5/Assets
GfxDevice: creating device client; threaded=0
Direct3D:
    Version:  Direct3D 11.0 [level 11.0]
    Renderer: NVIDIA GeForce GTX 950M (ID=0x139a)
    Vendor:   
    VRAM:     2019 MB
    Driver:   23.21.13.8857
Initialize mono
Mono path[0] = 'C:/Program Files/Unity/Editor/Data/Managed'
Mono path[1] = 'C:/Program Files/Unity/Editor/Data/MonoBleedingEdge/lib/mono/unityjit'
Mono config path = 'C:/Program Files/Unity/Editor/Data/MonoBleedingEdge/etc'
Using monoOptions --debugger-agent=transport=dt_socket,embedding=1,server=y,suspend=n,address=127.0.0.1:56456
Begin MonoManager ReloadAssembly
Registering precompiled unity dll's ...
Register platform support module: C:/Program Files/Unity/Editor/Data/PlaybackEngines/WindowsStandaloneSupport/UnityEditor.WindowsStandalone.Extensions.dll
Registered in 0.002451 seconds.
Native extension for WindowsStandalone target not found
Refreshing native plugins compatible for Editor in 48.97 ms, found 3 plugins.
Preloading 0 native plugins for Editor in 0.00 ms.
Mono: successfully reloaded assembly
- Completed reload, in  1.374 seconds
Domain Reload Profiling:
	ReloadAssembly (1374ms)
		BeginReloadAssembly (89ms)
			ExecutionOrderSort (0ms)
			DisableScriptedObjects (0ms)
			BackupInstance (0ms)
			ReleaseScriptingObjects (0ms)
			CreateAndSetChildDomain (1ms)
		EndReloadAssembly (507ms)
			LoadAssemblies (83ms)
			RebuildTransferFunctionScriptingTraits (0ms)
			SetupTypeCache (183ms)
			ReleaseScriptCaches (0ms)
			RebuildScriptCaches (38ms)
			SetupLoadedEditorAssemblies (200ms)
				LogAssemblyErrors (0ms)
				InitializePlatformSupportModulesInManaged (5ms)
				SetLoadedEditorAssemblies (0ms)
				RefreshPlugins (49ms)
				BeforeProcessingInitializeOnLoad (16ms)
				ProcessInitializeOnLoadAttributes (96ms)
				ProcessInitializeOnLoadMethodAttributes (33ms)
				AfterProcessingInitializeOnLoad (0ms)
				EditorAssembliesLoaded (0ms)
			ExecutionOrderSort2 (0ms)
			AwakeInstancesAfterBackupRestoration (0ms)
Platform modules already initialized, skipping
Registering precompiled user dll's ...
Registered in 0.005279 seconds.
Begin MonoManager ReloadAssembly
Native extension for WindowsStandalone target not found
Refreshing native plugins compatible for Editor in 52.53 ms, found 3 plugins.
Preloading 0 native plugins for Editor in 0.00 ms.
Mono: successfully reloaded assembly
- Completed reload, in  1.611 seconds
Domain Reload Profiling:
	ReloadAssembly (1612ms)
		BeginReloadAssembly (189ms)
			ExecutionOrderSort (0ms)
			DisableScriptedObjects (6ms)
			BackupInstance (0ms)
			ReleaseScriptingObjects (0ms)
			CreateAndSetChildDomain (22ms)
		EndReloadAssembly (1343ms)
			LoadAssemblies (110ms)
			RebuildTransferFunctionScriptingTraits (0ms)
			SetupTypeCache (428ms)
			ReleaseScriptCaches (1ms)
			RebuildScriptCaches (62ms)
			SetupLoadedEditorAssemblies (580ms)
				LogAssemblyErrors (0ms)
				InitializePlatformSupportModulesInManaged (5ms)
				SetLoadedEditorAssemblies (0ms)
				RefreshPlugins (53ms)
				BeforeProcessingInitializeOnLoad (110ms)
				ProcessInitializeOnLoadAttributes (388ms)
				ProcessInitializeOnLoadMethodAttributes (16ms)
				AfterProcessingInitializeOnLoad (8ms)
				EditorAssembliesLoaded (0ms)
			ExecutionOrderSort2 (0ms)
			AwakeInstancesAfterBackupRestoration (8ms)
Platform modules already initialized, skipping
========================================================================
Worker process is ready to serve import requests
Launched and connected shader compiler UnityShaderCompiler.exe after 0.10 seconds
Refreshing native plugins compatible for Editor in 0.58 ms, found 3 plugins.
Preloading 0 native plugins for Editor in 0.00 ms.
Unloading 2092 Unused Serialized files (Serialized files now loaded: 0)
System memory in use before: 93.1 MB.
System memory in use after: 93.2 MB.

Unloading 28 unused Assets to reduce memory usage. Loaded Objects now: 2529.
Total: 5.113400 ms (FindLiveObjects: 0.248000 ms CreateObjectMapping: 0.083900 ms MarkObjects: 4.676200 ms  DeleteObjects: 0.103800 ms)

AssetImportParameters requested are different than current active one (requested -> active):
  custom:framework-win-MediaFoundation: 216162199b28c13a410421893ffa2e32 -> 
  custom:video-decoder-ogg-theora: a1e56fd34408186e4bbccfd4996cb3dc -> 
  custom:container-muxer-webm: aa71ff27fc2769a1b78a27578f13a17b -> 
  custom:container-demuxer-webm: 4f35f7cbe854078d1ac9338744f61a02 -> 
  custom:container-demuxer-ogg: 62fdf1f143b41e24485cea50d1cbac27 -> 
  custom:video-encoder-webm-vp8: eb34c28f22e8b96e1ab97ce403110664 -> 
  custom:video-codec-MediaFoundation-h265: 746d11721c4dcdbdad8f713fa42b33f4 -> 
  custom:video-decoder-webm-vp8: 9c59270c3fd7afecdb556c50c9e8de78 -> 
  custom:audio-decoder-ogg-vorbis: bf7c407c2cedff20999df2af8eb42d56 -> 
  custom:audio-encoder-webm-vorbis: bf7c407c2cedff20999df2af8eb42d56 -> 
========================================================================
Received Import Request.
  path: Assets/Sprite/Dead (1).png
  artifactKey: Guid(f2527fca1390d3a4c8765c097ad15514) Importer(815301076,1909f56bfc062723c751e8b465ee728b)
Start importing Assets/Sprite/Dead (1).png using Guid(f2527fca1390d3a4c8765c097ad15514) Importer(815301076,1909f56bfc062723c751e8b465ee728b)  -> (artifact id: '8f6ad435799f4e83cd33bd9b1aa7b36d') in 0.136267 seconds 
  Import took 0.140100 seconds .

========================================================================
Received Import Request.
  Time since last request: 37.407221 seconds.
  path: Assets/Sprite/Dead (2).png
  artifactKey: Guid(2a594a5c728d1dc47a4567631f73a0d7) Importer(815301076,1909f56bfc062723c751e8b465ee728b)
Start importing Assets/Sprite/Dead (2).png using Guid(2a594a5c728d1dc47a4567631f73a0d7) Importer(815301076,1909f56bfc062723c751e8b465ee728b)  -> (artifact id: '65fa9468edfe7eb99c348cf9cfb5b6b9') in 0.046152 seconds 
  Import took 0.058515 seconds .

========================================================================
Received Import Request.
  Time since last request: 0.000101 seconds.
  path: Assets/Sprite/Dead (7).png
  artifactKey: Guid(2f896a8e48f7cba42991d0320bccc13a) Importer(815301076,1909f56bfc062723c751e8b465ee728b)
Start importing Assets/Sprite/Dead (7).png using Guid(2f896a8e48f7cba42991d0320bccc13a) Importer(815301076,1909f56bfc062723c751e8b465ee728b)  -> (artifact id: '9381f18871cc9b07a7cb02031ba49ffa') in 0.123860 seconds 
  Import took 0.141304 seconds .

========================================================================
Received Import Request.
  Time since last request: 0.000368 seconds.
  path: Assets/Sprite/Hurt (10).png
  artifactKey: Guid(726f213f4ed8309419028a56084fc268) Importer(815301076,1909f56bfc062723c751e8b465ee728b)
Start importing Assets/Sprite/Hurt (10).png using Guid(726f213f4ed8309419028a56084fc268) Importer(815301076,1909f56bfc062723c751e8b465ee728b)  -> (artifact id: '2a1d80e73c77383118e134c9a618ded9') in 0.026305 seconds 
  Import took 0.036074 seconds .

========================================================================
Received Import Request.
  Time since last request: 0.000608 seconds.
  path: Assets/Sprite/Idle (4).png
  artifactKey: Guid(d55f91bc0a972a6499278b3fb479fb0c) Importer(815301076,1909f56bfc062723c751e8b465ee728b)
Start importing Assets/Sprite/Idle (4).png using Guid(d55f91bc0a972a6499278b3fb479fb0c) Importer(815301076,1909f56bfc062723c751e8b465ee728b)  -> (artifact id: '7b950dbf55adbe87889ef095cbb94cb8') in 0.037302 seconds 
  Import took 0.042553 seconds .

========================================================================
Received Import Request.
  Time since last request: 0.000687 seconds.
  path: Assets/Sprite/Jump (7).png
  artifactKey: Guid(14baa6292249872419f4253d9d33fb4a) Importer(815301076,1909f56bfc062723c751e8b465ee728b)
Start importing Assets/Sprite/Jump (7).png using Guid(14baa6292249872419f4253d9d33fb4a) Importer(815301076,1909f56bfc062723c751e8b465ee728b)  -> (artifact id: '94d5ce917f3b894e22da336bfcc1fc2c') in 0.029649 seconds 
  Import took 0.039167 seconds .

========================================================================
Received Import Request.
  Time since last request: 0.000282 seconds.
  path: Assets/Sprite/Dead (4).png
  artifactKey: Guid(e14092254bc8f5b4fb58734538222aa7) Importer(815301076,1909f56bfc062723c751e8b465ee728b)
Start importing Assets/Sprite/Dead (4).png using Guid(e14092254bc8f5b4fb58734538222aa7) Importer(815301076,1909f56bfc062723c751e8b465ee728b)  -> (artifact id: '8a228a0f7a6610e18b7e5e82168ae355') in 0.022326 seconds 
  Import took 0.028937 seconds .

========================================================================
Received Import Request.
  Time since last request: 0.000507 seconds.
  path: Assets/Sprite/Jump (1).png
  artifactKey: Guid(6aa9304bc604d6f47811fcc3ea0241f0) Importer(815301076,1909f56bfc062723c751e8b465ee728b)
Start importing Assets/Sprite/Jump (1).png using Guid(6aa9304bc604d6f47811fcc3ea0241f0) Importer(815301076,1909f56bfc062723c751e8b465ee728b)  -> (artifact id: '4fc856278c78a6b20bdd840059b3e4cb') in 0.017470 seconds 
  Import took 0.025879 seconds .

========================================================================
Received Import Request.
  Time since last request: 0.000216 seconds.
  path: Assets/Sprite/Hurt (1).png
  artifactKey: Guid(edd3aa0ca2bee1d4faeb17615851d7b5) Importer(815301076,1909f56bfc062723c751e8b465ee728b)
Start importing Assets/Sprite/Hurt (1).png using Guid(edd3aa0ca2bee1d4faeb17615851d7b5) Importer(815301076,1909f56bfc062723c751e8b465ee728b)  -> (artifact id: 'abe72a5283ca2737c716e2ddc183587a') in 0.025668 seconds 
  Import took 0.030659 seconds .

========================================================================
Received Import Request.
  Time since last request: 0.000293 seconds.
  path: Assets/Sprite/Idle (5).png
  artifactKey: Guid(dcc15a715506af34596d8a677d02c825) Importer(815301076,1909f56bfc062723c751e8b465ee728b)
Start importing Assets/Sprite/Idle (5).png using Guid(dcc15a715506af34596d8a677d02c825) Importer(815301076,1909f56bfc062723c751e8b465ee728b)  -> (artifact id: '9e6664c55449b4751b6cdc7361c35fb2') in 0.028969 seconds 
  Import took 0.035008 seconds .

========================================================================
Received Import Request.
  Time since last request: 0.000268 seconds.
  path: Assets/Sprite/Fall (2).png
  artifactKey: Guid(42aa069597b561f4097f60838cbc8cf9) Importer(815301076,1909f56bfc062723c751e8b465ee728b)
Start importing Assets/Sprite/Fall (2).png using Guid(42aa069597b561f4097f60838cbc8cf9) Importer(815301076,1909f56bfc062723c751e8b465ee728b)  -> (artifact id: '8ec3b66c1b1a115e2ea78c3fe7fb65fb') in 0.026444 seconds 
  Import took 0.032632 seconds .

========================================================================
Received Import Request.
  Time since last request: 0.000417 seconds.
  path: Assets/Sprite/Hurt (6).png
  artifactKey: Guid(760afc1e4f7f64b4f8be5bbe7fbb893a) Importer(815301076,1909f56bfc062723c751e8b465ee728b)
Start importing Assets/Sprite/Hurt (6).png using Guid(760afc1e4f7f64b4f8be5bbe7fbb893a) Importer(815301076,1909f56bfc062723c751e8b465ee728b)  -> (artifact id: 'c7f59f604abc35db6612956e623c3681') in 0.019038 seconds 
  Import took 0.027997 seconds .

========================================================================
Received Import Request.
  Time since last request: 0.000116 seconds.
  path: Assets/Sprite/Idle (3).png
  artifactKey: Guid(7aabfec600f607a4d8973cb5902f58e0) Importer(815301076,1909f56bfc062723c751e8b465ee728b)
Start importing Assets/Sprite/Idle (3).png using Guid(7aabfec600f607a4d8973cb5902f58e0) Importer(815301076,1909f56bfc062723c751e8b465ee728b)  -> (artifact id: '633ccd326254fccaa40eede46d437625') in 0.024479 seconds 
  Import took 0.033556 seconds .

========================================================================
Received Import Request.
  Time since last request: 0.000326 seconds.
  path: Assets/Sprite/Run (3).png
  artifactKey: Guid(6e766d3261c373e44a15f9493a0734b5) Importer(815301076,1909f56bfc062723c751e8b465ee728b)
Start importing Assets/Sprite/Run (3).png using Guid(6e766d3261c373e44a15f9493a0734b5) Importer(815301076,1909f56bfc062723c751e8b465ee728b)  -> (artifact id: 'adff739a08c9460dbda3af4f5e46e1b0') in 0.030455 seconds 
  Import took 0.036194 seconds .

========================================================================
Received Import Request.
  Time since last request: 0.000336 seconds.
  path: Assets/Sprite/Idle (8).png
  artifactKey: Guid(67e9012b6a49a4b409fe106fc8657616) Importer(815301076,1909f56bfc062723c751e8b465ee728b)
Start importing Assets/Sprite/Idle (8).png using Guid(67e9012b6a49a4b409fe106fc8657616) Importer(815301076,1909f56bfc062723c751e8b465ee728b)  -> (artifact id: 'c840c495c9759fd9db62cfcca3d6240b') in 0.026060 seconds 
  Import took 0.032858 seconds .

========================================================================
Received Import Request.
  Time since last request: 0.000297 seconds.
  path: Assets/Sprite/Jump (3).png
  artifactKey: Guid(ed117b7c642e78b4695464795e25f284) Importer(815301076,1909f56bfc062723c751e8b465ee728b)
Start importing Assets/Sprite/Jump (3).png using Guid(ed117b7c642e78b4695464795e25f284) Importer(815301076,1909f56bfc062723c751e8b465ee728b)  -> (artifact id: '81cab2b674583a9a3a8beb2ff96e3908') in 0.027311 seconds 
  Import took 0.033324 seconds .

========================================================================
Received Import Request.
  Time since last request: 0.000559 seconds.
  path: Assets/Sprite/Dead (10).png
  artifactKey: Guid(993027290ce474b4c97d7b290a8a22bf) Importer(815301076,1909f56bfc062723c751e8b465ee728b)
Start importing Assets/Sprite/Dead (10).png using Guid(993027290ce474b4c97d7b290a8a22bf) Importer(815301076,1909f56bfc062723c751e8b465ee728b)  -> (artifact id: '782ec35864fe36ab6ed9d7e96e882742') in 0.019305 seconds 
  Import took 0.025673 seconds .

========================================================================
Received Import Request.
  Time since last request: 0.000603 seconds.
  path: Assets/Sprite/Hurt (7).png
  artifactKey: Guid(d839819dffccb3741863539640fb3fad) Importer(815301076,1909f56bfc062723c751e8b465ee728b)
Start importing Assets/Sprite/Hurt (7).png using Guid(d839819dffccb3741863539640fb3fad) Importer(815301076,1909f56bfc062723c751e8b465ee728b)  -> (artifact id: 'cc1ac7ef17950ab456c0944db804a750') in 0.027803 seconds 
  Import took 0.034069 seconds .

========================================================================
Received Import Request.
  Time since last request: 0.000264 seconds.
  path: Assets/Sprite/Fall (7).png
  artifactKey: Guid(02a7e05e63c62844fbbd299897b57e0a) Importer(815301076,1909f56bfc062723c751e8b465ee728b)
Start importing Assets/Sprite/Fall (7).png using Guid(02a7e05e63c62844fbbd299897b57e0a) Importer(815301076,1909f56bfc062723c751e8b465ee728b)  -> (artifact id: '5acf18dad5ecfdc85e68b63952e4643b') in 0.020389 seconds 
  Import took 0.027705 seconds .

========================================================================
Received Import Request.
  Time since last request: 0.000404 seconds.
  path: Assets/Sprite/Idle (10).png
  artifactKey: Guid(48a80111e53ab534a82a26a7d3c2c347) Importer(815301076,1909f56bfc062723c751e8b465ee728b)
Start importing Assets/Sprite/Idle (10).png using Guid(48a80111e53ab534a82a26a7d3c2c347) Importer(815301076,1909f56bfc062723c751e8b465ee728b)  -> (artifact id: '84058543d225bd99fced99f2bb7e5d1c') in 0.102162 seconds 
  Import took 0.111240 seconds .

========================================================================
Received Import Request.
  Time since last request: 0.000503 seconds.
  path: Assets/Sprite/Fall (1).png
  artifactKey: Guid(b860536534ec9ba4980f26210d8a3a8c) Importer(815301076,1909f56bfc062723c751e8b465ee728b)
Start importing Assets/Sprite/Fall (1).png using Guid(b860536534ec9ba4980f26210d8a3a8c) Importer(815301076,1909f56bfc062723c751e8b465ee728b)  -> (artifact id: '639836ce3a4f906f2c2163ca0113353a') in 0.075291 seconds 
  Import took 0.082142 seconds .

========================================================================
Received Import Request.
  Time since last request: 0.000525 seconds.
  path: Assets/Sprite/Hurt (5).png
  artifactKey: Guid(fec9306e5a487ae42afcf327b676a402) Importer(815301076,1909f56bfc062723c751e8b465ee728b)
Start importing Assets/Sprite/Hurt (5).png using Guid(fec9306e5a487ae42afcf327b676a402) Importer(815301076,1909f56bfc062723c751e8b465ee728b)  -> (artifact id: 'e9f45f132722df9a2e40b1f589b23712') in 0.030751 seconds 
  Import took 0.041164 seconds .

========================================================================
Received Import Request.
  Time since last request: 0.000289 seconds.
  path: Assets/Sprite/Hurt (4).png
  artifactKey: Guid(774013d155bf97c4a8f0fe72010fecb0) Importer(815301076,1909f56bfc062723c751e8b465ee728b)
Start importing Assets/Sprite/Hurt (4).png using Guid(774013d155bf97c4a8f0fe72010fecb0) Importer(815301076,1909f56bfc062723c751e8b465ee728b)  -> (artifact id: '42df30cd971fecae549de3da54a4c738') in 0.023001 seconds 
  Import took 0.027983 seconds .

========================================================================
Received Import Request.
  Time since last request: 0.000783 seconds.
  path: Assets/Sprite/Run (2).png
  artifactKey: Guid(dcf5b061fd32a6c49bd4ef8e15d8e596) Importer(815301076,1909f56bfc062723c751e8b465ee728b)
Start importing Assets/Sprite/Run (2).png using Guid(dcf5b061fd32a6c49bd4ef8e15d8e596) Importer(815301076,1909f56bfc062723c751e8b465ee728b)  -> (artifact id: '10055ad0ac369a7f84596b43db4fc073') in 0.020386 seconds 
  Import took 0.028937 seconds .

========================================================================
Received Import Request.
  Time since last request: 0.000317 seconds.
  path: Assets/Sprite/Hurt (3).png
  artifactKey: Guid(89e3e534a94fec349897a2a15b7f7ab4) Importer(815301076,1909f56bfc062723c751e8b465ee728b)
Start importing Assets/Sprite/Hurt (3).png using Guid(89e3e534a94fec349897a2a15b7f7ab4) Importer(815301076,1909f56bfc062723c751e8b465ee728b)  -> (artifact id: 'df43572e16a072f8920c50b403225214') in 0.024983 seconds 
  Import took 0.032714 seconds .

========================================================================
Received Import Request.
  Time since last request: 0.000338 seconds.
  path: Assets/Sprite/Jump (2).png
  artifactKey: Guid(621d1bd5ab654624f9fdad031317f7f9) Importer(815301076,1909f56bfc062723c751e8b465ee728b)
Start importing Assets/Sprite/Jump (2).png using Guid(621d1bd5ab654624f9fdad031317f7f9) Importer(815301076,1909f56bfc062723c751e8b465ee728b)  -> (artifact id: 'dcf51f3989e351d5dcbf67a8a7223899') in 0.023172 seconds 
  Import took 0.032399 seconds .

========================================================================
Received Import Request.
  Time since last request: 0.000248 seconds.
  path: Assets/Sprite/Jump (5).png
  artifactKey: Guid(ef694fea409f0fa469e0dae759e3d5c5) Importer(815301076,1909f56bfc062723c751e8b465ee728b)
Start importing Assets/Sprite/Jump (5).png using Guid(ef694fea409f0fa469e0dae759e3d5c5) Importer(815301076,1909f56bfc062723c751e8b465ee728b)  -> (artifact id: '23cfa7bfba9fa79de4d98b3d74a3ab51') in 0.026335 seconds 
  Import took 0.033353 seconds .

========================================================================
Received Import Request.
  Time since last request: 0.000250 seconds.
  path: Assets/Sprite/Fall (6).png
  artifactKey: Guid(2531d8ebc7895d640a6ab91361a0dbb8) Importer(815301076,1909f56bfc062723c751e8b465ee728b)
Start importing Assets/Sprite/Fall (6).png using Guid(2531d8ebc7895d640a6ab91361a0dbb8) Importer(815301076,1909f56bfc062723c751e8b465ee728b)  -> (artifact id: 'fc62b37e492cf4f10ff35e8f07f4b681') in 0.022760 seconds 
  Import took 0.030636 seconds .

========================================================================
Received Import Request.
  Time since last request: 0.000365 seconds.
  path: Assets/Sprite/Fall (5).png
  artifactKey: Guid(cbb21b9fb03d6ad4fbdef50cefb76b94) Importer(815301076,1909f56bfc062723c751e8b465ee728b)
Start importing Assets/Sprite/Fall (5).png using Guid(cbb21b9fb03d6ad4fbdef50cefb76b94) Importer(815301076,1909f56bfc062723c751e8b465ee728b)  -> (artifact id: 'e57bab9ff1d942eae048089466a6a848') in 0.023986 seconds 
  Import took 0.030036 seconds .

========================================================================
Received Import Request.
  Time since last request: 0.000307 seconds.
  path: Assets/Sprite/Dead (8).png
  artifactKey: Guid(4f915bb15d397fd458f419404a96cc7f) Importer(815301076,1909f56bfc062723c751e8b465ee728b)
Start importing Assets/Sprite/Dead (8).png using Guid(4f915bb15d397fd458f419404a96cc7f) Importer(815301076,1909f56bfc062723c751e8b465ee728b)  -> (artifact id: '12bfe9949c3811d6a19e063e4b5924f9') in 0.022695 seconds 
  Import took 0.029066 seconds .

========================================================================
Received Import Request.
  Time since last request: 0.000282 seconds.
  path: Assets/Sprite/Idle (9).png
  artifactKey: Guid(64a3e247354f7fa4287fa6c6e3ff801d) Importer(815301076,1909f56bfc062723c751e8b465ee728b)
Start importing Assets/Sprite/Idle (9).png using Guid(64a3e247354f7fa4287fa6c6e3ff801d) Importer(815301076,1909f56bfc062723c751e8b465ee728b)  -> (artifact id: 'e531fafae95ef26272b4ee0c9bc45ce2') in 0.030662 seconds 
  Import took 0.036047 seconds .

========================================================================
Received Import Request.
  Time since last request: 0.000835 seconds.
  path: Assets/Sprite/Jump (6).png
  artifactKey: Guid(917e3f9e8c2e4ca4db1ec1acaaaf7e5d) Importer(815301076,1909f56bfc062723c751e8b465ee728b)
Start importing Assets/Sprite/Jump (6).png using Guid(917e3f9e8c2e4ca4db1ec1acaaaf7e5d) Importer(815301076,1909f56bfc062723c751e8b465ee728b)  -> (artifact id: 'bf0c48dec70a0681ea07f83dc42c2842') in 0.028495 seconds 
  Import took 0.034129 seconds .

========================================================================
Received Import Request.
  Time since last request: 0.000291 seconds.
  path: Assets/Sprite/Hurt (2).png
  artifactKey: Guid(690e92997d0971e4ba827c9e9578a666) Importer(815301076,1909f56bfc062723c751e8b465ee728b)
Start importing Assets/Sprite/Hurt (2).png using Guid(690e92997d0971e4ba827c9e9578a666) Importer(815301076,1909f56bfc062723c751e8b465ee728b)  -> (artifact id: '3df0630845066188d661e5b059b3b9bd') in 0.020736 seconds 
  Import took 0.028852 seconds .

========================================================================
Received Import Request.
  Time since last request: 0.000307 seconds.
  path: Assets/Sprite/Dead (9).png
  artifactKey: Guid(46ef2c720d8be9e4fb1290830b401217) Importer(815301076,1909f56bfc062723c751e8b465ee728b)
Start importing Assets/Sprite/Dead (9).png using Guid(46ef2c720d8be9e4fb1290830b401217) Importer(815301076,1909f56bfc062723c751e8b465ee728b)  -> (artifact id: 'a267b0152f0848c5d6f7336a17e40d4d') in 0.022989 seconds 
  Import took 0.031404 seconds .

========================================================================
Received Import Request.
  Time since last request: 0.000693 seconds.
  path: Assets/Sprite/Idle (7).png
  artifactKey: Guid(5c89d9b2a1799a543b8fe30de5d9abbe) Importer(815301076,1909f56bfc062723c751e8b465ee728b)
Start importing Assets/Sprite/Idle (7).png using Guid(5c89d9b2a1799a543b8fe30de5d9abbe) Importer(815301076,1909f56bfc062723c751e8b465ee728b)  -> (artifact id: '8bfab5ee7724fcb6e4f4ccd939c583ac') in 0.018678 seconds 
  Import took 0.024078 seconds .

========================================================================
Received Import Request.
  Time since last request: 0.000314 seconds.
  path: Assets/Sprite/Idle (2).png
  artifactKey: Guid(c1b9fc88d448be941a647b11a4dd63c2) Importer(815301076,1909f56bfc062723c751e8b465ee728b)
Start importing Assets/Sprite/Idle (2).png using Guid(c1b9fc88d448be941a647b11a4dd63c2) Importer(815301076,1909f56bfc062723c751e8b465ee728b)  -> (artifact id: '340818d12b400cee21f81b5fb6c8b093') in 0.018836 seconds 
  Import took 0.025337 seconds .

========================================================================
Received Import Request.
  Time since last request: 0.000295 seconds.
  path: Assets/Sprite/Hurt (8).png
  artifactKey: Guid(f9d3678a6f471a746a1d1a4923f862b0) Importer(815301076,1909f56bfc062723c751e8b465ee728b)
Start importing Assets/Sprite/Hurt (8).png using Guid(f9d3678a6f471a746a1d1a4923f862b0) Importer(815301076,1909f56bfc062723c751e8b465ee728b)  -> (artifact id: 'fb8ae121b20080ecbe9544410d01d806') in 0.021576 seconds 
  Import took 0.031546 seconds .

========================================================================
Received Import Request.
  Time since last request: 0.001263 seconds.
  path: Assets/Sprite/Jump (8).png
  artifactKey: Guid(920ba8be0fe740e468fa4764af185f81) Importer(815301076,1909f56bfc062723c751e8b465ee728b)
Start importing Assets/Sprite/Jump (8).png using Guid(920ba8be0fe740e468fa4764af185f81) Importer(815301076,1909f56bfc062723c751e8b465ee728b)  -> (artifact id: 'a73b27a8cbdadb8b5bcac0c8086fc793') in 0.025161 seconds 
  Import took 0.032240 seconds .

========================================================================
Received Import Request.
  Time since last request: 0.000739 seconds.
  path: Assets/Sprite/Dead (3).png
  artifactKey: Guid(d6d5cdd0f7223084785b690005456a1e) Importer(815301076,1909f56bfc062723c751e8b465ee728b)
Start importing Assets/Sprite/Dead (3).png using Guid(d6d5cdd0f7223084785b690005456a1e) Importer(815301076,1909f56bfc062723c751e8b465ee728b)  -> (artifact id: '62fec3736a11445e78dde5ac25abde82') in 0.019745 seconds 
  Import took 0.025414 seconds .

========================================================================
Received Import Request.
  Time since last request: 0.000287 seconds.
  path: Assets/Sprite/Fall (3).png
  artifactKey: Guid(19c95c3fd27762643a1d59e47b5e4637) Importer(815301076,1909f56bfc062723c751e8b465ee728b)
Start importing Assets/Sprite/Fall (3).png using Guid(19c95c3fd27762643a1d59e47b5e4637) Importer(815301076,1909f56bfc062723c751e8b465ee728b)  -> (artifact id: 'da94903d35796640321311ed9edbb5c6') in 0.023444 seconds 
  Import took 0.030974 seconds .

========================================================================
Received Import Request.
  Time since last request: 0.000292 seconds.
  path: Assets/Sprite/Fall (8).png
  artifactKey: Guid(14edf13d06fdec646acfe1135c5dd083) Importer(815301076,1909f56bfc062723c751e8b465ee728b)
Start importing Assets/Sprite/Fall (8).png using Guid(14edf13d06fdec646acfe1135c5dd083) Importer(815301076,1909f56bfc062723c751e8b465ee728b)  -> (artifact id: '5b21e564f45d228af98f7b33a305d8f7') in 0.024010 seconds 
  Import took 0.031673 seconds .

========================================================================
Received Import Request.
  Time since last request: 0.000382 seconds.
  path: Assets/Sprite/Hurt (9).png
  artifactKey: Guid(a1988d346900dbc4db69c8e7a91341ed) Importer(815301076,1909f56bfc062723c751e8b465ee728b)
Start importing Assets/Sprite/Hurt (9).png using Guid(a1988d346900dbc4db69c8e7a91341ed) Importer(815301076,1909f56bfc062723c751e8b465ee728b)  -> (artifact id: '83c4769222b63f3ba0cd6ef7c7919662') in 0.022867 seconds 
  Import took 0.028453 seconds .

========================================================================
Received Import Request.
  Time since last request: 0.000293 seconds.
  path: Assets/Sprite/Run (1).png
  artifactKey: Guid(34a55ceb445841c42958cf7cbaa11d49) Importer(815301076,1909f56bfc062723c751e8b465ee728b)
Start importing Assets/Sprite/Run (1).png using Guid(34a55ceb445841c42958cf7cbaa11d49) Importer(815301076,1909f56bfc062723c751e8b465ee728b)  -> (artifact id: '98961088ad2868020a1f3644a814fab4') in 0.017025 seconds 
  Import took 0.023047 seconds .

========================================================================
Received Import Request.
  Time since last request: 0.000286 seconds.
  path: Assets/Sprite/Dead (5).png
  artifactKey: Guid(a64143dab4b8ae141b2c2dd14d434bec) Importer(815301076,1909f56bfc062723c751e8b465ee728b)
Start importing Assets/Sprite/Dead (5).png using Guid(a64143dab4b8ae141b2c2dd14d434bec) Importer(815301076,1909f56bfc062723c751e8b465ee728b)  -> (artifact id: 'b7ea5153d5318c81716ed49aabb222f3') in 0.024200 seconds 
  Import took 0.032633 seconds .

========================================================================
Received Import Request.
  Time since last request: 0.000274 seconds.
  path: Assets/Sprite/Jump (4).png
  artifactKey: Guid(a6bb476c545d4aa4384a1ada5ccb595b) Importer(815301076,1909f56bfc062723c751e8b465ee728b)
Start importing Assets/Sprite/Jump (4).png using Guid(a6bb476c545d4aa4384a1ada5ccb595b) Importer(815301076,1909f56bfc062723c751e8b465ee728b)  -> (artifact id: '9257fde1a7b03f8bc988490a80f4a5df') in 0.022117 seconds 
  Import took 0.029915 seconds .

========================================================================
Received Import Request.
  Time since last request: 0.000387 seconds.
  path: Assets/Sprite/Dead (6).png
  artifactKey: Guid(7d9d550940a9f9b4198ace05bb0166b3) Importer(815301076,1909f56bfc062723c751e8b465ee728b)
Start importing Assets/Sprite/Dead (6).png using Guid(7d9d550940a9f9b4198ace05bb0166b3) Importer(815301076,1909f56bfc062723c751e8b465ee728b)  -> (artifact id: '83c579b972af50af2c3fad6ee6f4380a') in 0.023646 seconds 
  Import took 0.030797 seconds .

========================================================================
Received Import Request.
  Time since last request: 0.000280 seconds.
  path: Assets/Sprite/Idle (6).png
  artifactKey: Guid(98ef129c530f1cb4caaddb94bb56456c) Importer(815301076,1909f56bfc062723c751e8b465ee728b)
Start importing Assets/Sprite/Idle (6).png using Guid(98ef129c530f1cb4caaddb94bb56456c) Importer(815301076,1909f56bfc062723c751e8b465ee728b)  -> (artifact id: '2d2a68c3857a53484e5cb61ded91a5e8') in 0.022202 seconds 
  Import took 0.028238 seconds .

========================================================================
Received Import Request.
  Time since last request: 0.000416 seconds.
  path: Assets/Sprite/Idle (1).png
  artifactKey: Guid(dd9c708a013f413498b849e1398a0a2e) Importer(815301076,1909f56bfc062723c751e8b465ee728b)
Start importing Assets/Sprite/Idle (1).png using Guid(dd9c708a013f413498b849e1398a0a2e) Importer(815301076,1909f56bfc062723c751e8b465ee728b)  -> (artifact id: '34ff6b57ace43c0d42263ae3566b3061') in 0.019594 seconds 
  Import took 0.026088 seconds .

========================================================================
Received Import Request.
  Time since last request: 0.000292 seconds.
  path: Assets/Sprite/Fall (4).png
  artifactKey: Guid(6779b99ba244d3a489c38af540c57c11) Importer(815301076,1909f56bfc062723c751e8b465ee728b)
Start importing Assets/Sprite/Fall (4).png using Guid(6779b99ba244d3a489c38af540c57c11) Importer(815301076,1909f56bfc062723c751e8b465ee728b)  -> (artifact id: '7a243e1c1b651203bd0250c299d6b625') in 0.022930 seconds 
  Import took 0.030629 seconds .

========================================================================
Received Import Request.
  Time since last request: 2.196002 seconds.
  path: Assets/Sprite/Run (4).png
  artifactKey: Guid(e3cf67aa09820e64dacdf40ea6a70e5c) Importer(815301076,1909f56bfc062723c751e8b465ee728b)
Start importing Assets/Sprite/Run (4).png using Guid(e3cf67aa09820e64dacdf40ea6a70e5c) Importer(815301076,1909f56bfc062723c751e8b465ee728b)  -> (artifact id: '06a271810fd36ace418ed29f50f33830') in 0.016508 seconds 
  Import took 0.021063 seconds .

========================================================================
Received Import Request.
  Time since last request: 0.000347 seconds.
  path: Assets/Sprite/Slide (7).png
  artifactKey: Guid(69a419c039693fb42adaac71760f4cad) Importer(815301076,1909f56bfc062723c751e8b465ee728b)
Start importing Assets/Sprite/Slide (7).png using Guid(69a419c039693fb42adaac71760f4cad) Importer(815301076,1909f56bfc062723c751e8b465ee728b)  -> (artifact id: 'ea3f172db4f674fc221762554f90f427') in 0.014350 seconds 
  Import took 0.018178 seconds .

========================================================================
Received Import Request.
  Time since last request: 0.000177 seconds.
  path: Assets/Sprite/Run (5).png
  artifactKey: Guid(221efbd83f7ff0f4389b2b569d38d017) Importer(815301076,1909f56bfc062723c751e8b465ee728b)
Start importing Assets/Sprite/Run (5).png using Guid(221efbd83f7ff0f4389b2b569d38d017) Importer(815301076,1909f56bfc062723c751e8b465ee728b)  -> (artifact id: '91d587c7afba97998bdc672c3bd9f7aa') in 0.020396 seconds 
  Import took 0.026899 seconds .

========================================================================
Received Import Request.
  Time since last request: 0.000313 seconds.
  path: Assets/Sprite/Slide (4).png
  artifactKey: Guid(4e4e5a0e7a5912c43b650751f08c59d0) Importer(815301076,1909f56bfc062723c751e8b465ee728b)
Start importing Assets/Sprite/Slide (4).png using Guid(4e4e5a0e7a5912c43b650751f08c59d0) Importer(815301076,1909f56bfc062723c751e8b465ee728b)  -> (artifact id: '01a90922039b256b327355d7762227b3') in 0.022079 seconds 
  Import took 0.028714 seconds .

========================================================================
Received Import Request.
  Time since last request: 0.000277 seconds.
  path: Assets/Sprite/Slide (5).png
  artifactKey: Guid(62257e933cccd534ca733837c7560a7f) Importer(815301076,1909f56bfc062723c751e8b465ee728b)
Start importing Assets/Sprite/Slide (5).png using Guid(62257e933cccd534ca733837c7560a7f) Importer(815301076,1909f56bfc062723c751e8b465ee728b)  -> (artifact id: 'bee5e714a52c331caa067a7cf9bff9cc') in 0.018853 seconds 
  Import took 0.025066 seconds .

========================================================================
Received Import Request.
  Time since last request: 0.000297 seconds.
  path: Assets/Sprite/Run (8).png
  artifactKey: Guid(c0d64fb06d6c0714f915e16cbd8a384a) Importer(815301076,1909f56bfc062723c751e8b465ee728b)
Start importing Assets/Sprite/Run (8).png using Guid(c0d64fb06d6c0714f915e16cbd8a384a) Importer(815301076,1909f56bfc062723c751e8b465ee728b)  -> (artifact id: 'e3f0d7f4ebbdb1ae555c0181e4509405') in 0.030878 seconds 
  Import took 0.041587 seconds .

========================================================================
Received Import Request.
  Time since last request: 0.000299 seconds.
  path: Assets/Sprite/Run (6).png
  artifactKey: Guid(9fe499d09725789408b1452893805e76) Importer(815301076,1909f56bfc062723c751e8b465ee728b)
Start importing Assets/Sprite/Run (6).png using Guid(9fe499d09725789408b1452893805e76) Importer(815301076,1909f56bfc062723c751e8b465ee728b)  -> (artifact id: '55f287531d1193ad43f88c4c9297c676') in 0.027201 seconds 
  Import took 0.035060 seconds .

========================================================================
Received Import Request.
  Time since last request: 0.000406 seconds.
  path: Assets/Sprite/Slide (3).png
  artifactKey: Guid(c29b8cba33673c64a9d92017f4b50b0c) Importer(815301076,1909f56bfc062723c751e8b465ee728b)
Start importing Assets/Sprite/Slide (3).png using Guid(c29b8cba33673c64a9d92017f4b50b0c) Importer(815301076,1909f56bfc062723c751e8b465ee728b)  -> (artifact id: 'e5fc6f1364b62c4b230c797504f28d59') in 0.019009 seconds 
  Import took 0.028239 seconds .

========================================================================
Received Import Request.
  Time since last request: 0.000341 seconds.
  path: Assets/Sprite/Slide (2).png
  artifactKey: Guid(1c24716a98d93a04ca17dc7721dd8100) Importer(815301076,1909f56bfc062723c751e8b465ee728b)
Start importing Assets/Sprite/Slide (2).png using Guid(1c24716a98d93a04ca17dc7721dd8100) Importer(815301076,1909f56bfc062723c751e8b465ee728b)  -> (artifact id: '4b569da8ffb340c022687ddc48ed2839') in 0.025367 seconds 
  Import took 0.034458 seconds .

========================================================================
Received Import Request.
  Time since last request: 0.000383 seconds.
  path: Assets/Sprite/Slide (1).png
  artifactKey: Guid(f6355c41e592a044aad43e465ae194f7) Importer(815301076,1909f56bfc062723c751e8b465ee728b)
Start importing Assets/Sprite/Slide (1).png using Guid(f6355c41e592a044aad43e465ae194f7) Importer(815301076,1909f56bfc062723c751e8b465ee728b)  -> (artifact id: '5e0d91476065dacd389caec8810fd55a') in 0.026928 seconds 
  Import took 0.034526 seconds .

========================================================================
Received Import Request.
  Time since last request: 0.000298 seconds.
  path: Assets/Sprite/Slide (6).png
  artifactKey: Guid(752206e94c2e485488dbfd14b24e05fb) Importer(815301076,1909f56bfc062723c751e8b465ee728b)
Start importing Assets/Sprite/Slide (6).png using Guid(752206e94c2e485488dbfd14b24e05fb) Importer(815301076,1909f56bfc062723c751e8b465ee728b)  -> (artifact id: 'c75ad744d91afb5e20eaf0316ac11979') in 0.034845 seconds 
  Import took 0.048049 seconds .

========================================================================
Received Import Request.
  Time since last request: 0.000976 seconds.
  path: Assets/Sprite/Run (7).png
  artifactKey: Guid(2ae6736756bbb3b428bd998b15003ef6) Importer(815301076,1909f56bfc062723c751e8b465ee728b)
Start importing Assets/Sprite/Run (7).png using Guid(2ae6736756bbb3b428bd998b15003ef6) Importer(815301076,1909f56bfc062723c751e8b465ee728b)  -> (artifact id: '701fffa68112045e8ccfcaea0211c484') in 0.055762 seconds 
  Import took 0.068512 seconds .

========================================================================
Received Import Request.
  Time since last request: 8.010855 seconds.
  path: Assets/Sprite/Slide (8).png
  artifactKey: Guid(fc423aa861b182a4fa931d63a0e86e40) Importer(815301076,1909f56bfc062723c751e8b465ee728b)
Start importing Assets/Sprite/Slide (8).png using Guid(fc423aa861b182a4fa931d63a0e86e40) Importer(815301076,1909f56bfc062723c751e8b465ee728b)  -> (artifact id: '421c9237f18f9b38355381526778b559') in 0.019185 seconds 
  Import took 0.025817 seconds .

========================================================================
Received Import Request.
  Time since last request: 0.000260 seconds.
  path: Assets/Sprite/Walk (4).png
  artifactKey: Guid(b3d02c9808d0a754ab9c0034fc91d568) Importer(815301076,1909f56bfc062723c751e8b465ee728b)
Start importing Assets/Sprite/Walk (4).png using Guid(b3d02c9808d0a754ab9c0034fc91d568) Importer(815301076,1909f56bfc062723c751e8b465ee728b)  -> (artifact id: '5fc7bbdb587f9bef64d5cb369e743a40') in 0.021753 seconds 
  Import took 0.028268 seconds .

========================================================================
Received Import Request.
  Time since last request: 0.000264 seconds.
  path: Assets/Sprite/Walk (7).png
  artifactKey: Guid(00a0930f9c191364ba79fdf619fe2c7d) Importer(815301076,1909f56bfc062723c751e8b465ee728b)
Start importing Assets/Sprite/Walk (7).png using Guid(00a0930f9c191364ba79fdf619fe2c7d) Importer(815301076,1909f56bfc062723c751e8b465ee728b)  -> (artifact id: '1eac0d8d57c12fc851afc80ab1cf4b6d') in 0.035883 seconds 
  Import took 0.042948 seconds .

========================================================================
Received Import Request.
  Time since last request: 0.000978 seconds.
  path: Assets/Sprite/Walk (8).png
  artifactKey: Guid(7ec5c9009f1687649b06334710195bd8) Importer(815301076,1909f56bfc062723c751e8b465ee728b)
Start importing Assets/Sprite/Walk (8).png using Guid(7ec5c9009f1687649b06334710195bd8) Importer(815301076,1909f56bfc062723c751e8b465ee728b)  -> (artifact id: 'de38b349ab45c4339c87e5fb73ac5fdf') in 0.033332 seconds 
  Import took 0.038021 seconds .

========================================================================
Received Import Request.
  Time since last request: 0.000259 seconds.
  path: Assets/Sprite/Walk (1).png
  artifactKey: Guid(cb78cb5487a80e5488de74bb664456e1) Importer(815301076,1909f56bfc062723c751e8b465ee728b)
Start importing Assets/Sprite/Walk (1).png using Guid(cb78cb5487a80e5488de74bb664456e1) Importer(815301076,1909f56bfc062723c751e8b465ee728b)  -> (artifact id: '5983f37d83162e6a4973b3300f8b1c50') in 0.038926 seconds 
  Import took 0.045337 seconds .

========================================================================
Received Import Request.
  Time since last request: 0.000298 seconds.
  path: Assets/Sprite/Slide (8).png
  artifactKey: Guid(fc423aa861b182a4fa931d63a0e86e40) Importer(815301076,1909f56bfc062723c751e8b465ee728b)
Start importing Assets/Sprite/Slide (8).png using Guid(fc423aa861b182a4fa931d63a0e86e40) Importer(815301076,1909f56bfc062723c751e8b465ee728b)  -> (artifact id: '421c9237f18f9b38355381526778b559') in 0.028792 seconds 
  Import took 0.035949 seconds .

========================================================================
Received Import Request.
  Time since last request: 0.000295 seconds.
  path: Assets/Sprite/Walk (2).png
  artifactKey: Guid(902fb0c4525a44f40936f4cc3f20c9a4) Importer(815301076,1909f56bfc062723c751e8b465ee728b)
Start importing Assets/Sprite/Walk (2).png using Guid(902fb0c4525a44f40936f4cc3f20c9a4) Importer(815301076,1909f56bfc062723c751e8b465ee728b)  -> (artifact id: '18465cb54b814ea25d92009be3c07527') in 0.019004 seconds 
  Import took 0.024587 seconds .

========================================================================
Received Import Request.
  Time since last request: 0.000289 seconds.
  path: Assets/Sprite/Walk (9).png
  artifactKey: Guid(8844b1c692ef5e243b9aaff862c11f90) Importer(815301076,1909f56bfc062723c751e8b465ee728b)
Start importing Assets/Sprite/Walk (9).png using Guid(8844b1c692ef5e243b9aaff862c11f90) Importer(815301076,1909f56bfc062723c751e8b465ee728b)  -> (artifact id: '02c43a52ce0c82747a784b56974ca80f') in 0.025302 seconds 
  Import took 0.030601 seconds .

========================================================================
Received Import Request.
  Time since last request: 0.000251 seconds.
  path: Assets/Sprite/Walk (3).png
  artifactKey: Guid(5174510320f96424484d451205caed4a) Importer(815301076,1909f56bfc062723c751e8b465ee728b)
Start importing Assets/Sprite/Walk (3).png using Guid(5174510320f96424484d451205caed4a) Importer(815301076,1909f56bfc062723c751e8b465ee728b)  -> (artifact id: 'd5d13436608c75904db87d5c02ebf4bd') in 0.030072 seconds 
  Import took 0.034198 seconds .

========================================================================
Received Import Request.
  Time since last request: 0.000236 seconds.
  path: Assets/Sprite/Walk (5).png
  artifactKey: Guid(bda3c4c4aea69114cad219d365ea5cd0) Importer(815301076,1909f56bfc062723c751e8b465ee728b)
Start importing Assets/Sprite/Walk (5).png using Guid(bda3c4c4aea69114cad219d365ea5cd0) Importer(815301076,1909f56bfc062723c751e8b465ee728b)  -> (artifact id: 'a1b1cabbad57c76ade3ee91fdb7f79a6') in 0.029123 seconds 
  Import took 0.039619 seconds .

========================================================================
Received Import Request.
  Time since last request: 0.000440 seconds.
  path: Assets/Sprite/Walk (10).png
  artifactKey: Guid(333cf55b5dfbc514e8bd76de51a98fae) Importer(815301076,1909f56bfc062723c751e8b465ee728b)
Start importing Assets/Sprite/Walk (10).png using Guid(333cf55b5dfbc514e8bd76de51a98fae) Importer(815301076,1909f56bfc062723c751e8b465ee728b)  -> (artifact id: '1dff06038656d1c04ef3dff56d1ffb39') in 0.023690 seconds 
  Import took 0.030053 seconds .

========================================================================
Received Import Request.
  Time since last request: 0.000713 seconds.
  path: Assets/Sprite/Walk (6).png
  artifactKey: Guid(428cba2cba6dc8240be5921d44853ceb) Importer(815301076,1909f56bfc062723c751e8b465ee728b)
Start importing Assets/Sprite/Walk (6).png using Guid(428cba2cba6dc8240be5921d44853ceb) Importer(815301076,1909f56bfc062723c751e8b465ee728b)  -> (artifact id: '8a839142c150566d1ee2de927d0c8ccd') in 0.020417 seconds 
  Import took 0.026371 seconds .

========================================================================
Received Import Request.
  Time since last request: 0.000283 seconds.
  path: Assets/Sprite/Slide (9).png
  artifactKey: Guid(0cae9b734a3c3f3458481f2509edf1d9) Importer(815301076,1909f56bfc062723c751e8b465ee728b)
Start importing Assets/Sprite/Slide (9).png using Guid(0cae9b734a3c3f3458481f2509edf1d9) Importer(815301076,1909f56bfc062723c751e8b465ee728b)  -> (artifact id: 'a89e460eb5d82ec25f4d161732863d81') in 0.020945 seconds 
  Import took 0.027046 seconds .

========================================================================
Received Import Request.
  Time since last request: 0.000283 seconds.
  path: Assets/Sprite/Slide (10).png
  artifactKey: Guid(ea43fbc22401d744092f3f3999e269f1) Importer(815301076,1909f56bfc062723c751e8b465ee728b)
Start importing Assets/Sprite/Slide (10).png using Guid(ea43fbc22401d744092f3f3999e269f1) Importer(815301076,1909f56bfc062723c751e8b465ee728b)  -> (artifact id: '804073b329d7cdafe663eccfac8ab897') in 0.018817 seconds 
  Import took 0.023892 seconds .

AssetImportWorkerClient::OnTransportError - code=2 error=End of file
